[    0.000000] Initializing cgroup subsys cpuset
[    0.000000] Initializing cgroup subsys cpu
[    0.000000] Initializing cgroup subsys cpuacct
[    0.000000] Linux version 4.4.0-81-generic (buildd@lgw01-02) (gcc version 5.4.0 20160609 (Ubuntu 5.4.0-6ubuntu1~16.04.4) ) #104-Ubuntu SMP Wed Jun 14 08:17:06 UTC 2017 (Ubuntu 4.4.0-81.104-generic 4.4.67)
[    0.000000] Command line: BOOT_IMAGE=/boot/vmlinuz-4.4.0-81-generic root=LABEL=cloudimg-rootfs ro console=tty1 console=ttyS0
[    0.000000] KERNEL supported cpus:
[    0.000000]   Intel GenuineIntel
[    0.000000]   AMD AuthenticAMD
[    0.000000]   Centaur CentaurHauls
[    0.000000] x86/fpu: xstate_offset[2]:  576, xstate_sizes[2]:  256
[    0.000000] x86/fpu: Supporting XSAVE feature 0x01: 'x87 floating point registers'
[    0.000000] x86/fpu: Supporting XSAVE feature 0x02: 'SSE registers'
[    0.000000] x86/fpu: Supporting XSAVE feature 0x04: 'AVX registers'
[    0.000000] x86/fpu: Enabled xstate features 0x7, context size is 832 bytes, using 'standard' format.
[    0.000000] x86/fpu: Using 'lazy' FPU context switches.
[    0.000000] e820: BIOS-provided physical RAM map:
[    0.000000] BIOS-e820: [mem 0x0000000000000000-0x000000000009fbff] usable
[    0.000000] BIOS-e820: [mem 0x000000000009fc00-0x000000000009ffff] reserved
[    0.000000] BIOS-e820: [mem 0x00000000000f0000-0x00000000000fffff] reserved
[    0.000000] BIOS-e820: [mem 0x0000000000100000-0x000000003ffeffff] usable
[    0.000000] BIOS-e820: [mem 0x000000003fff0000-0x000000003fffffff] ACPI data
[    0.000000] BIOS-e820: [mem 0x00000000fec00000-0x00000000fec00fff] reserved
[    0.000000] BIOS-e820: [mem 0x00000000fee00000-0x00000000fee00fff] reserved
[    0.000000] BIOS-e820: [mem 0x00000000fffc0000-0x00000000ffffffff] reserved
[    0.000000] NX (Execute Disable) protection: active
[    0.000000] SMBIOS 2.5 present.
[    0.000000] Hypervisor detected: KVM
[    0.000000] e820: last_pfn = 0x3fff0 max_arch_pfn = 0x400000000
[    0.000000] MTRR: Disabled
[    0.000000] x86/PAT: MTRRs disabled, skipping PAT initialization too.
[    0.000000] x86/PAT: Configuration [0-7]: WB  WT  UC- UC  WB  WT  UC- UC  
[    0.000000] CPU MTRRs all blank - virtualized system.
[    0.000000] found SMP MP-table at [mem 0x0009fff0-0x0009ffff] mapped at [ffff88000009fff0]
[    0.000000] Scanning 1 areas for low memory corruption
[    0.000000] RAMDISK: [mem 0x36ad2000-0x37560fff]
[    0.000000] ACPI: Early table checksum verification disabled
[    0.000000] ACPI: RSDP 0x00000000000E0000 000024 (v02 VBOX  )
[    0.000000] ACPI: XSDT 0x000000003FFF0030 00003C (v01 VBOX   VBOXXSDT 00000001 ASL  00000061)
[    0.000000] ACPI: FACP 0x000000003FFF00F0 0000F4 (v04 VBOX   VBOXFACP 00000001 ASL  00000061)
[    0.000000] ACPI: DSDT 0x000000003FFF0470 0021C8 (v02 VBOX   VBOXBIOS 00000002 INTL 20100528)
[    0.000000] ACPI: FACS 0x000000003FFF0200 000040
[    0.000000] ACPI: FACS 0x000000003FFF0200 000040
[    0.000000] ACPI: APIC 0x000000003FFF0240 00005C (v02 VBOX   VBOXAPIC 00000001 ASL  00000061)
[    0.000000] ACPI: SSDT 0x000000003FFF02A0 0001CC (v01 VBOX   VBOXCPUT 00000002 INTL 20100528)
[    0.000000] No NUMA configuration found
[    0.000000] Faking a node at [mem 0x0000000000000000-0x000000003ffeffff]
[    0.000000] NODE_DATA(0) allocated [mem 0x3ffeb000-0x3ffeffff]
[    0.000000] kvm-clock: Using msrs 4b564d01 and 4b564d00
[    0.000000] kvm-clock: cpu 0, msr 0:3ffe3001, primary cpu clock
[    0.000000] kvm-clock: using sched offset of 3324757305 cycles
[    0.000000] clocksource: kvm-clock: mask: 0xffffffffffffffff max_cycles: 0x1cd42e4dffb, max_idle_ns: 881590591483 ns
[    0.000000] Zone ranges:
[    0.000000]   DMA      [mem 0x0000000000001000-0x0000000000ffffff]
[    0.000000]   DMA32    [mem 0x0000000001000000-0x000000003ffeffff]
[    0.000000]   Normal   empty
[    0.000000]   Device   empty
[    0.000000] Movable zone start for each node
[    0.000000] Early memory node ranges
[    0.000000]   node   0: [mem 0x0000000000001000-0x000000000009efff]
[    0.000000]   node   0: [mem 0x0000000000100000-0x000000003ffeffff]
[    0.000000] Initmem setup node 0 [mem 0x0000000000001000-0x000000003ffeffff]
[    0.000000] ACPI: PM-Timer IO Port: 0x4008
[    0.000000] IOAPIC[0]: apic_id 2, version 32, address 0xfec00000, GSI 0-23
[    0.000000] ACPI: INT_SRC_OVR (bus 0 bus_irq 0 global_irq 2 dfl dfl)
[    0.000000] ACPI: INT_SRC_OVR (bus 0 bus_irq 9 global_irq 9 high level)
[    0.000000] Using ACPI (MADT) for SMP configuration information
[    0.000000] smpboot: Allowing 2 CPUs, 0 hotplug CPUs
[    0.000000] PM: Registered nosave memory: [mem 0x00000000-0x00000fff]
[    0.000000] PM: Registered nosave memory: [mem 0x0009f000-0x0009ffff]
[    0.000000] PM: Registered nosave memory: [mem 0x000a0000-0x000effff]
[    0.000000] PM: Registered nosave memory: [mem 0x000f0000-0x000fffff]
[    0.000000] e820: [mem 0x40000000-0xfebfffff] available for PCI devices
[    0.000000] Booting paravirtualized kernel on KVM
[    0.000000] clocksource: refined-jiffies: mask: 0xffffffff max_cycles: 0xffffffff, max_idle_ns: 7645519600211568 ns
[    0.000000] setup_percpu: NR_CPUS:512 nr_cpumask_bits:512 nr_cpu_ids:2 nr_node_ids:1
[    0.000000] PERCPU: Embedded 33 pages/cpu @ffff88003fc00000 s98264 r8192 d28712 u1048576
[    0.000000] PV qspinlock hash table entries: 256 (order: 0, 4096 bytes)
[    0.000000] Built 1 zonelists in Node order, mobility grouping on.  Total pages: 257913
[    0.000000] Policy zone: DMA32
[    0.000000] Kernel command line: BOOT_IMAGE=/boot/vmlinuz-4.4.0-81-generic root=LABEL=cloudimg-rootfs ro console=tty1 console=ttyS0
[    0.000000] PID hash table entries: 4096 (order: 3, 32768 bytes)
[    0.000000] Memory: 1001768K/1048120K available (8469K kernel code, 1294K rwdata, 3984K rodata, 1484K init, 1316K bss, 46352K reserved, 0K cma-reserved)
[    0.000000] SLUB: HWalign=64, Order=0-3, MinObjects=0, CPUs=2, Nodes=1
[    0.000000] Hierarchical RCU implementation.
[    0.000000] 	Build-time adjustment of leaf fanout to 64.
[    0.000000] 	RCU restricting CPUs from NR_CPUS=512 to nr_cpu_ids=2.
[    0.000000] RCU: Adjusting geometry for rcu_fanout_leaf=64, nr_cpu_ids=2
[    0.000000] NR_IRQS:33024 nr_irqs:440 16
[    0.000000] Console: colour VGA+ 80x25
[    0.000000] console [tty1] enabled
[    0.000000] console [ttyS0] enabled
[    0.000000] tsc: Detected 2903.998 MHz processor
[    4.951444] Calibrating delay loop (skipped) preset value.. 5807.99 BogoMIPS (lpj=11615992)
[    4.953350] pid_max: default: 32768 minimum: 301
[    5.020116] ACPI: Core revision 20150930
[    5.034601] ACPI: 2 ACPI AML tables successfully acquired and loaded
[    5.035992] Security Framework initialized
[    5.036961] Yama: becoming mindful.
[    5.037805] AppArmor: AppArmor initialized
[    5.064058] Dentry cache hash table entries: 131072 (order: 8, 1048576 bytes)
[    5.091980] Inode-cache hash table entries: 65536 (order: 7, 524288 bytes)
[    5.102940] Mount-cache hash table entries: 2048 (order: 2, 16384 bytes)
[    5.107932] Mountpoint-cache hash table entries: 2048 (order: 2, 16384 bytes)
[    5.111095] Initializing cgroup subsys io
[    5.127641] Initializing cgroup subsys memory
[    5.129403] Initializing cgroup subsys devices
[    5.133145] Initializing cgroup subsys freezer
[    5.135083] Initializing cgroup subsys net_cls
[    5.136695] Initializing cgroup subsys perf_event
[    5.138067] Initializing cgroup subsys net_prio
[    5.153978] Initializing cgroup subsys hugetlb
[    5.160652] Initializing cgroup subsys pids
[    5.170385] CPU: Physical Processor ID: 0
[    5.173826] CPU: Processor Core ID: 0
[    5.181823] mce: CPU supports 0 MCE banks
[    5.190784] Last level iTLB entries: 4KB 64, 2MB 8, 4MB 8
[    5.200355] Last level dTLB entries: 4KB 64, 2MB 0, 4MB 0, 1GB 4
[    5.207668] Freeing SMP alternatives memory: 32K (ffffffff820b8000 - ffffffff820c0000)
[    5.226181] ftrace: allocating 32129 entries in 126 pages
[    5.302378] smpboot: APIC(0) Converting physical 0 to logical package 0
[    5.305405] smpboot: Max logical packages: 1
[    5.307250] x2apic enabled
[    5.333747] Switched APIC routing to physical x2apic.
[    5.403588] ..TIMER: vector=0x30 apic1=0 pin1=2 apic2=-1 pin2=-1
[    5.598333] smpboot: CPU0: Intel(R) Core(TM) i5-6267U CPU @ 2.90GHz (family: 0x6, model: 0x4e, stepping: 0x3)
[    5.710685] Performance Events: unsupported p6 CPU model 78 no PMU driver, software events only.
[    5.759271] KVM setup paravirtual spinlock
[    5.772165] x86: Booting SMP configuration:
[    5.838678] .... node  #0, CPUs:      #1
[    5.890677] kvm-clock: cpu 1, msr 0:3ffe3041, secondary cpu clock
[    5.968054] mce: CPU supports 0 MCE banks
[    5.999346] x86: Booted up 1 node, 2 CPUs
[    6.046323] smpboot: Total of 2 processors activated (11615.99 BogoMIPS)
[    6.114639] devtmpfs: initialized
[    6.122700] evm: security.selinux
[    6.147396] evm: security.SMACK64
[    6.153681] evm: security.SMACK64EXEC
[    6.214664] evm: security.SMACK64TRANSMUTE
[    6.232211] evm: security.SMACK64MMAP
[    6.285716] evm: security.ima
[    6.313762] evm: security.capability
[    6.370044] clocksource: jiffies: mask: 0xffffffff max_cycles: 0xffffffff, max_idle_ns: 7645041785100000 ns
[    6.419856] futex hash table entries: 512 (order: 3, 32768 bytes)
[    6.501496] pinctrl core: initialized pinctrl subsystem
[    6.563651] RTC time: 10:46:08, date: 06/29/17
[    6.613711] NET: Registered protocol family 16
[    6.656850] cpuidle: using governor ladder
[    6.692931] cpuidle: using governor menu
[    6.744729] PCCT header not found.
[    6.775611] ACPI: bus type PCI registered
[    6.824656] acpiphp: ACPI Hot Plug PCI Controller Driver version: 0.5
[    6.900446] PCI: Using configuration type 1 for base access
[    6.948341] ACPI: Added _OSI(Module Device)
[    6.985357] ACPI: Added _OSI(Processor Device)
[    7.041610] ACPI: Added _OSI(3.0 _SCP Extensions)
[    7.092335] ACPI: Added _OSI(Processor Aggregator Device)
[    7.143101] ACPI: Executed 1 blocks of module-level executable AML code
[    7.221527] ACPI: Interpreter enabled
[    7.266489] ACPI: (supports S0 S5)
[    7.304798] ACPI: Using IOAPIC for interrupt routing
[    7.363494] PCI: Using host bridge windows from ACPI; if necessary, use "pci=nocrs" and report a bug
[    7.458003] ACPI: PCI Root Bridge [PCI0] (domain 0000 [bus 00-ff])
[    7.532544] acpi PNP0A03:00: _OSC: OS supports [ASPM ClockPM Segments MSI]
[    7.607059] acpi PNP0A03:00: _OSC failed (AE_NOT_FOUND); disabling ASPM
[    7.664609] acpi PNP0A03:00: fail to add MMCONFIG information, can't access extended PCI configuration space under this bridge.
[    7.823082] PCI host bridge to bus 0000:00
[    7.864717] pci_bus 0000:00: root bus resource [io  0x0000-0x0cf7 window]
[    7.873943] pci_bus 0000:00: root bus resource [io  0x0d00-0xffff window]
[    7.925032] pci_bus 0000:00: root bus resource [mem 0x000a0000-0x000bffff window]
[    8.008379] pci_bus 0000:00: root bus resource [mem 0x40000000-0xffdfffff window]
[    8.052768] pci_bus 0000:00: root bus resource [bus 00-ff]
[    8.095323] pci 0000:00:01.1: legacy IDE quirk: reg 0x10: [io  0x01f0-0x01f7]
[    8.126624] pci 0000:00:01.1: legacy IDE quirk: reg 0x14: [io  0x03f6]
[    8.128184] pci 0000:00:01.1: legacy IDE quirk: reg 0x18: [io  0x0170-0x0177]
[    8.182410] pci 0000:00:01.1: legacy IDE quirk: reg 0x1c: [io  0x0376]
[    8.197791] pci 0000:00:07.0: quirk: [io  0x4000-0x403f] claimed by PIIX4 ACPI
[    8.204780] pci 0000:00:07.0: quirk: [io  0x4100-0x410f] claimed by PIIX4 SMB
[    8.211484] ACPI: PCI Interrupt Link [LNKA] (IRQs 5 9 10 *11)
[    8.247002] ACPI: PCI Interrupt Link [LNKB] (IRQs 5 9 10 *11)
[    8.307245] ACPI: PCI Interrupt Link [LNKC] (IRQs 5 9 *10 11)
[    8.326633] ACPI: PCI Interrupt Link [LNKD] (IRQs 5 *9 10 11)
[    8.333842] ACPI: Enabled 2 GPEs in block 00 to 07
[    8.365080] vgaarb: setting as boot device: PCI:0000:00:02.0
[    8.404134] vgaarb: device added: PCI:0000:00:02.0,decodes=io+mem,owns=io+mem,locks=none
[    8.484085] vgaarb: loaded
[    8.487048] vgaarb: bridge control possible 0000:00:02.0
[    8.503647] SCSI subsystem initialized
[    8.505810] ACPI: bus type USB registered
[    8.519195] usbcore: registered new interface driver usbfs
[    8.529031] usbcore: registered new interface driver hub
[    8.553238] usbcore: registered new device driver usb
[    8.598598] PCI: Using ACPI for IRQ routing
[    8.630421] NetLabel: Initializing
[    8.668282] NetLabel:  domain hash size = 128
[    8.720713] NetLabel:  protocols = UNLABELED CIPSOv4
[    8.776879] NetLabel:  unlabeled traffic allowed by default
[    8.801134] amd_nb: Cannot enumerate AMD northbridges
[    8.872585] clocksource: Switched to clocksource kvm-clock
[    8.959730] AppArmor: AppArmor Filesystem Enabled
[    9.045302] pnp: PnP ACPI init
[    9.122243] pnp: PnP ACPI: found 3 devices
[    9.202923] clocksource: acpi_pm: mask: 0xffffff max_cycles: 0xffffff, max_idle_ns: 2085701024 ns
[    9.231052] NET: Registered protocol family 2
[    9.306805] TCP established hash table entries: 8192 (order: 4, 65536 bytes)
[    9.448539] TCP bind hash table entries: 8192 (order: 5, 131072 bytes)
[    9.565464] TCP: Hash tables configured (established 8192 bind 8192)
[    9.670911] UDP hash table entries: 512 (order: 2, 16384 bytes)
[    9.807221] UDP-Lite hash table entries: 512 (order: 2, 16384 bytes)
[    9.930516] NET: Registered protocol family 1
[    9.981252] pci 0000:00:00.0: Limiting direct PCI/PCI transfers
[   10.040658] pci 0000:00:01.0: Activating ISA DMA hang workarounds
[   10.105669] Unpacking initramfs...
[   12.030295] Freeing initrd memory: 10812K (ffff880036ad2000 - ffff880037561000)
[   12.095267] platform rtc_cmos: registered platform RTC device (no PNP device found)
[   12.143074] Scanning for low memory corruption every 60 seconds
[   12.183988] audit: initializing netlink subsys (disabled)
[   12.220540] audit: type=2000 audit(1498733170.770:1): initialized
[   12.270933] Initialise system trusted keyring
[   12.309884] HugeTLB registered 2 MB page size, pre-allocated 0 pages
[   12.386366] zbud: loaded
[   12.421748] VFS: Disk quotas dquot_6.6.0
[   12.431349] VFS: Dquot-cache hash table entries: 512 (order 0, 4096 bytes)
[   12.435765] squashfs: version 4.0 (2009/01/31) Phillip Lougher
[   12.477649] fuse init (API version 7.23)
[   12.522469] Key type big_key registered
[   12.537939] Allocating IMA MOK and blacklist keyrings.
[   12.589067] Key type asymmetric registered
[   12.620667] Asymmetric key parser 'x509' registered
[   12.660669] Block layer SCSI generic (bsg) driver version 0.4 loaded (major 249)
[   12.667846] io scheduler noop registered
[   12.670766] io scheduler deadline registered (default)
[   12.671884] io scheduler cfq registered
[   12.685644] pci_hotplug: PCI Hot Plug PCI Core version: 0.5
[   12.701028] pciehp: PCI Express Hot Plug Controller Driver version: 0.4
[   12.708628] ACPI: AC Adapter [AC] (off-line)
[   12.725031] input: Power Button as /devices/LNXSYSTM:00/LNXPWRBN:00/input/input0
[   12.741056] ACPI: Power Button [PWRF]
[   12.744454] input: Sleep Button as /devices/LNXSYSTM:00/LNXSLPBN:00/input/input1
[   12.796424] ACPI: Sleep Button [SLPF]
[   12.875293] ACPI: Battery Slot [BAT0] (battery present)
[   12.943838] GHES: HEST is not enabled!
[   12.973116] Serial: 8250/16550 driver, 32 ports, IRQ sharing enabled
[   13.092810] tsc: Refined TSC clocksource calibration: 2905.109 MHz
[   13.107104] 00:02: ttyS0 at I/O 0x3f8 (irq = 4, base_baud = 115200) is a 16550A
[   13.234507] clocksource: tsc: mask: 0xffffffffffffffff max_cycles: 0x29e01d16f57, max_idle_ns: 440795206762 ns
[   13.235567] Linux agpgart interface v0.103
[   13.249517] loop: module loaded
[   13.249967] scsi host0: ata_piix
[   13.250012] scsi host1: ata_piix
[   13.250037] ata1: PATA max UDMA/33 cmd 0x1f0 ctl 0x3f6 bmdma 0xd000 irq 14
[   13.250038] ata2: PATA max UDMA/33 cmd 0x170 ctl 0x376 bmdma 0xd008 irq 15
[   13.250100] libphy: Fixed MDIO Bus: probed
[   13.250102] tun: Universal TUN/TAP device driver, 1.6
[   13.250103] tun: (C) 1999-2004 Max Krasnyansky <maxk@qualcomm.com>
[   13.250133] PPP generic driver version 2.4.2
[   13.250175] ehci_hcd: USB 2.0 'Enhanced' Host Controller (EHCI) Driver
[   13.250178] ehci-pci: EHCI PCI platform driver
[   13.250191] ehci-platform: EHCI generic platform driver
[   13.250198] ohci_hcd: USB 1.1 'Open' Host Controller (OHCI) Driver
[   13.250201] ohci-pci: OHCI PCI platform driver
[   13.250208] ohci-platform: OHCI generic platform driver
[   13.250214] uhci_hcd: USB Universal Host Controller Interface driver
[   13.250260] i8042: PNP: PS/2 Controller [PNP0303:PS2K,PNP0f03:PS2M] at 0x60,0x64 irq 1,12
[   13.250718] serio: i8042 KBD port at 0x60,0x64 irq 1
[   13.250722] serio: i8042 AUX port at 0x60,0x64 irq 12
[   13.250807] mousedev: PS/2 mouse device common for all mice
[   13.251052] input: AT Translated Set 2 keyboard as /devices/platform/i8042/serio0/input/input2
[   13.251343] rtc_cmos rtc_cmos: rtc core: registered rtc_cmos as rtc0
[   13.251392] rtc_cmos rtc_cmos: alarms up to one day, 114 bytes nvram
[   13.251397] i2c /dev entries driver
[   13.251441] device-mapper: uevent: version 1.0.3
[   13.251483] device-mapper: ioctl: 4.34.0-ioctl (2015-10-28) initialised: dm-devel@redhat.com
[   13.251503] ledtrig-cpu: registered to indicate activity on CPUs
[   13.251719] NET: Registered protocol family 10
[   13.251851] NET: Registered protocol family 17
[   13.251863] Key type dns_resolver registered
[   13.251975] microcode: CPU0 sig=0x406e3, pf=0x2, revision=0x0
[   13.256033] microcode: CPU1 sig=0x406e3, pf=0x2, revision=0x0
[   13.256067] microcode: Microcode Update Driver: v2.01 <tigran@aivazian.fsnet.co.uk>, Peter Oruba
[   13.256180] registered taskstats version 1
[   13.256193] Loading compiled-in X.509 certificates
[   13.256826] Loaded X.509 cert 'Build time autogenerated kernel key: 4e3fcaabc4148de0b198d1fb3d36a6c6d4cf062b'
[   13.256852] zswap: loaded using pool lzo/zbud
[   13.342584] Key type trusted registered
[   13.344394] Key type encrypted registered
[   13.344420] AppArmor: AppArmor sha1 policy hashing enabled
[   13.344422] ima: No TPM chip found, activating TPM-bypass!
[   13.344439] evm: HMAC attrs: 0x1
[   13.344676]   Magic number: 5:475:781
[   13.345340] rtc_cmos rtc_cmos: setting system clock to 2017-06-29 10:46:15 UTC (1498733175)
[   13.345407] BIOS EDD facility v0.16 2004-Jun-25, 0 devices found
[   13.345407] EDD information not available.
[   14.982399] Freeing unused kernel memory: 1484K (ffffffff81f45000 - ffffffff820b8000)
[   15.100570] Write protecting the kernel read-only data: 14336k
[   15.149978] Freeing unused kernel memory: 1760K (ffff880001848000 - ffff880001a00000)
[   15.240798] Freeing unused kernel memory: 112K (ffff880001de4000 - ffff880001e00000)
Loading, please [   15.301872] random: systemd-udevd: uninitialized urandom read (16 bytes read, 7 bits of entropy available)
wait...
startin[   15.302488] random: udevadm: uninitialized urandom read (16 bytes read, 7 bits of entropy available)
g version 229
[   15.302518] random: udevadm: uninitialized urandom read (16 bytes read, 7 bits of entropy available)
[   15.302609] random: udevadm: uninitialized urandom read (16 bytes read, 7 bits of entropy available)
[   15.302643] random: udevadm: uninitialized urandom read (16 bytes read, 7 bits of entropy available)
[   15.302676] random: udevadm: uninitialized urandom read (16 bytes read, 7 bits of entropy available)
[   15.302707] random: udevadm: uninitialized urandom read (16 bytes read, 7 bits of entropy available)
[   15.302738] random: udevadm: uninitialized urandom read (16 bytes read, 7 bits of entropy available)
[   15.302769] random: udevadm: uninitialized urandom read (16 bytes read, 7 bits of entropy available)
[   15.302798] random: udevadm: uninitialized urandom read (16 bytes read, 7 bits of entropy available)
[   15.959623] e1000: Intel(R) PRO/1000 Network Driver - version 7.3.21-k8-NAPI
[   15.959627] Fusion MPT base driver 3.04.20
[   15.959628] Copyright (c) 1999-2008 LSI Corporation
[   15.969362] e1000: Copyright (c) 1999-2006 Intel Corporation.
[   15.980100] Fusion MPT SPI Host driver 3.04.20
[   16.011245] AVX version of gcm_enc/dec engaged.
[   16.020861] AES CTR mode by8 optimization enabled
[   16.191979] input: ImExPS/2 Generic Explorer Mouse as /devices/platform/i8042/serio1/input/input4
[   16.346716] e1000 0000:00:03.0 eth0: (PCI:33MHz:32-bit) 02:1f:cd:66:25:7a
[   16.414607] e1000 0000:00:03.0 eth0: Intel(R) PRO/1000 Network Connection
[   16.486411] mptbase: ioc0: Initiating bringup
[   16.609889] e1000 0000:00:03.0 enp0s3: renamed from eth0
[   16.701406] ioc0: LSI53C1030 A0: Capabilities={Initiator}
[   16.879821] scsi host2: ioc0: LSI53C1030 A0, FwRev=00000000h, Ports=1, MaxQ=256, IRQ=20
[   17.033696] scsi 2:0:0:0: Direct-Access     VBOX     HARDDISK         1.0  PQ: 0 ANSI: 5
[   17.105642] scsi target2:0:0: Beginning Domain Validation
[   17.146264] scsi target2:0:0: Domain Validation skipping write tests
[   17.244387] scsi target2:0:0: Ending Domain Validation
[   17.314546] scsi target2:0:0: asynchronous
[   17.399512] scsi 2:0:1:0: Direct-Access     VBOX     HARDDISK         1.0  PQ: 0 ANSI: 5
[   17.583355] scsi target2:0:1: Beginning Domain Validation
[   17.715809] scsi target2:0:1: Domain Validation skipping write tests
[   17.860828] scsi target2:0:1: Ending Domain Validation
[   17.960496] scsi target2:0:1: asynchronous
[   18.027510] sd 2:0:0:0: [sda] 20971520 512-byte logical blocks: (10.7 GB/10.0 GiB)
[   18.036814] sd 2:0:0:0: Attached scsi generic sg0 type 0
[   18.037011] sd 2:0:1:0: Attached scsi generic sg1 type 0
[   18.245317] sd 2:0:1:0: [sdb] 20480 512-byte logical blocks: (10.5 MB/10.0 MiB)
[   18.441767] sd 2:0:0:0: [sda] Write Protect is off
[   18.499310] sd 2:0:1:0: [sdb] Write Protect is off
[   18.499476] sd 2:0:0:0: [sda] Incomplete mode parameter data
[   18.499477] sd 2:0:0:0: [sda] Assuming drive cache: write through
[   18.632333]  sda: sda1
[   18.633120] sd 2:0:0:0: [sda] Attached SCSI disk
[   18.783876] sd 2:0:1:0: [sdb] Incomplete mode parameter data
[   18.847604] sd 2:0:1:0: [sdb] Assuming drive cache: write through
[   19.003732] sd 2:0:1:0: [sdb] Attached SCSI disk
[   19.005334] floppy0: no floppy controllers found
[   19.005368] work still pending
Begin: Loading e[   20.479339] md: linear personality registered for level -1
ssential drivers[   20.529812] md: multipath personality registered for level -4
 ... [   20.605515] md: raid0 personality registered for level 0
[   20.653803] md: raid1 personality registered for level 1
[   20.744756] raid6: sse2x1   gen()  8818 MB/s
[   20.864729] raid6: sse2x1   xor()  5600 MB/s
[   20.977058] raid6: sse2x2   gen() 10536 MB/s
[   21.104593] raid6: sse2x2   xor()  7273 MB/s
[   21.232794] raid6: sse2x4   gen() 12090 MB/s
[   21.352682] raid6: sse2x4   xor()  5207 MB/s
[   21.405551] raid6: using algorithm sse2x4 gen() 12090 MB/s
[   21.477180] raid6: .... xor() 5207 MB/s, rmw enabled
[   21.530748] raid6: using ssse3x2 recovery algorithm
[   21.586881] xor: automatically using best checksumming function:
[   21.669355]    avx       : 20170.000 MB/sec
[   21.711064] async_tx: api initialized (async)
[   21.772987] md: raid6 personality registered for level 6
[   21.818581] md: raid5 personality registered for level 5
[   21.878562] md: raid4 personality registered for level 4
[   21.884304] md: raid10 personality registered for level 10
done.
Begin: Running /scripts/init-premount ... done.
Begin: Mounting root fil[   21.931965] Btrfs loaded
e system ... Begin: Running /scripts/local-top ... done.
Begin: Running /scripts/local-premount ... Scanning for Btrfs filesystems
done.
Warning: fsck not present, so skipping root file system
[   22.026481] EXT4-fs (sda1): mounted filesystem with ordered data mode. Opts: (null)
done.
Begin: Running /scripts/local-bottom ... done.
Begin: Running /scripts/init-bottom ... done.
[   22.117114] systemd[1]: systemd 229 running in system mode. (+PAM +AUDIT +SELINUX +IMA +APPARMOR +SMACK +SYSVINIT +UTMP +LIBCRYPTSETUP +GCRYPT +GNUTLS +ACL +XZ -LZ4 +SECCOMP +BLKID +ELFUTILS +KMOD -IDN)
[   22.129782] systemd[1]: Detected virtualization oracle.
[   22.197101] systemd[1]: Detected architecture x86-64.

Welcome to [1mUbuntu 16.04.2 LTS[0m!

[   22.246896] systemd[1]: Set hostname to <ubuntu>.
[   22.351176] systemd[1]: Initializing machine ID from random generator.
[   22.421525] systemd[1]: Installed transient /etc/machine-id file.
[   22.628973] systemd[1]: Started Trigger resolvconf update for networkd DNS.
[[0;32m  OK  [0m] Started Trigger resolvconf update for networkd DNS.
[   22.785785] systemd[1]: Listening on udev Control Socket.
[[0;32m  OK  [0m] Listening on udev Control Socket.
[   22.932641] systemd[1]: Reached target Swap.
[[0;32m  OK  [0m] Reached target Swap.
[   23.037408] systemd[1]: Listening on Journal Socket.
[[0;32m  OK  [0m] Listening on Journal Socket.
[   23.178770] systemd[1]: Listening on udev Kernel Socket.
[[0;32m  OK  [0m] Listening on udev Kernel Socket.
[   23.345749] systemd[1]: Set up automount Arbitrary Executable File Formats File System Automount Point.
[[0;32m  OK  [0m] Set up automount Arbitrary Executab...ats File System Automount Point.
[   23.615335] systemd[1]: Listening on LVM2 metadata daemon socket.
[[0;32m  OK  [0m] Listening on LVM2 metadata daemon socket.
[   23.801327] systemd[1]: Listening on Journal Audit Socket.
[[0;32m  OK  [0m] Listening on Journal Audit Socket.
[   23.937037] systemd[1]: Listening on Device-mapper event daemon FIFOs.
[[0;32m  OK  [0m] Listening on Device-mapper event daemon FIFOs.
[   24.093041] systemd[1]: Listening on Journal Socket (/dev/log).
[[0;32m  OK  [0m] Listening on Journal Socket (/dev/log).
[   24.241287] systemd[1]: Listening on Syslog Socket.
[[0;32m  OK  [0m] Listening on Syslog Socket.
[   24.281226] systemd[1]: Listening on /dev/initctl Compatibility Named Pipe.
[[0;32m  OK  [0m] Listening on /dev/initctl Compatibility Named Pipe.
[   24.451466] systemd[1]: Created slice System Slice.
[[0;32m  OK  [0m] Created slice System Slice.
[   24.593278] systemd[1]: Mounting Debug File System...
[   24.650803] random: nonblocking pool is initialized
         Mounting Debug File System...
[   24.717335] systemd[1]: Starting Uncomplicated firewall...
         Starting Uncomplicated firewall...
[   24.805370] systemd[1]: Starting Create list of required static device nodes for the current kernel...
         Starting Create list of required st... nodes for the current kernel...
[   24.865755] systemd[1]: Starting Remount Root and Kernel File Systems...
         [   24.926796] EXT4-fs (sda1): re-mounted. Opts: (null)
Starting Remount Root and Kernel File Systems...
[   25.069440] systemd[1]: Starting Set console keymap...
         Starting Set console keymap...
[   25.161000] systemd[1]: Created slice system-serial\x2dgetty.slice.
[[0;32m  OK  [0m] Created slice system-serial\x2dgetty.slice.
[   25.300902] systemd[1]: Mounting POSIX Message Queue File System...
         Mounting POSIX Message Queue File System...
[   25.385071] systemd[1]: Mounting Huge Pages File System...
         Mounting Huge Pages File System...
[   25.445309] systemd[1]: Starting Nameserver information manager...
         Starting Nameserver information manager...
[   25.573046] systemd[1]: Starting Load Kernel Modules...
         Starting Load Kernel Modules...
[   25.635310] systemd[1]: Created slice User and Session Slice.
[   25.746600] Loading iSCSI transport class v2.0-870.
[[0;32m  OK  [0[   25.771047] iscsi: registered transport (tcp)
m] Created slice User and Session Slice.
[   25.795384] systemd[1]: Reached target Slices.
[[0;32m  OK  [0[   25.809934] iscsi: registered transport (iser)
m] Reached target Slices.
[   25.908511] systemd[1]: Started Forward Password Requests to Wall Directory Watch.
[[0;32m  OK  [0m] Started Forward Password Requests to Wall Directory Watch.
[   26.060902] systemd[1]: Reached target Encrypted Volumes.
[[0;32m  OK  [0m] Reached target Encrypted Volumes.
[   26.217290] systemd[1]: Listening on LVM2 poll daemon socket.
[[0;32m  OK  [0m] Listening on LVM2 poll daemon socket.
[   26.371479] systemd[1]: Reached target User and Group Name Lookups.
[[0;32m  OK  [0m] Reached target User and Group Name Lookups.
[   26.493295] systemd[1]: Starting Journal Service...
         Starting Journal Service...
[   26.605073] systemd[1]: Starting Monitoring of LVM2 mirrors, snapshots etc. using dmeventd or progress polling...
         Starting Monitoring of LVM2 mirrors... dmeventd or progress polling...
[   26.770476] systemd[1]: Mounted Huge Pages File System.
[[0;32m  OK  [0m] Mounted Huge Pages File System.
[   26.903868] systemd[1]: Mounted Debug File System.
[[0;32m  OK  [0m] Mounted Debug File System.
[   26.997427] systemd[1]: Mounted POSIX Message Queue File System.
[[0;32m  OK  [0m] Mounted POSIX Message Queue File System.
[   27.053776] systemd[1]: Started Journal Service.
[[0;32m  OK  [0m] Started Journal Service.
[[0;32m  OK  [0m] Started Uncomplicated firewall.
[[0;32m  OK  [0m] Started Create list of required sta...ce nodes for the current kernel.
[[0;32m  OK  [0m] Started Remount Root and Kernel File Systems.
[[0;32m  OK  [0m] Started Set console keymap.
[[0;32m  OK  [0m] Started Load Kernel Modules.
[[0;32m  OK  [0m] Started Nameserver information manager.
[[0;32m  OK  [0m] Started LVM2 metadata daemon.
         Starting Apply Kernel Variables...
         Mounting FUSE Control File System...
         Starting udev Coldplug all Devices...
         Starting Load/Save Random Seed...
         Starting Initial cloud-init job (pre-networking)...
         Starting Create Static Device Nodes in /dev...
         Starting Flush Journal to Persistent Storage...
[[0;32m  OK  [0m] Mounted FUSE Control File System.
[[0;32m  OK  [0m] Started Apply Kernel Variables.
[[0;32m  OK  [0m] Started Load/Save Random Seed.
[[0;32m  OK  [0m] Started Create Static Device Nodes in /dev.
[[0;32m  OK  [0m] Started udev Coldplug all Devices.
[[0;32m  OK  [0m] Started Flush Journal to Persistent Storage.
         Starting udev Kernel Device Manager...
[[0;32m  OK  [0m] Started udev Kernel Device Manager.
[[0;32m  OK  [0m] Started Monitoring of LVM2 mirrors,...ng dmeventd or progress polling.
[[0;32m  OK  [0m] Reached target Local File Systems (Pre).
[[0;32m  OK  [0m] Reached target Local File Systems.
         Starting LSB: AppArmor initialization...
         Starting Commit a transient machine-id on disk...
         Starting Set console font and keymap...
         Starting Create Volatile Files and Directories...
         Starting Tell Plymouth To Write Out Runtime Data...
[[0;32m  OK  [0m] Started Dispatch Password Requests to Console Directory Watch.
[[0;32m  OK  [0m] Started Commit a transient machine-id on disk.
[   20.561076] cloud-init[456]: Cloud-init v. 0.7.9 running 'init-local' at Thu, 29 Jun 2017 10:46:30 +0000. Up 20.29 seconds.
[[0;32m  OK  [0m] Started Create Volatile Files and Directories.
[[0;32m  OK  [0m] Started Tell Plymouth To Write Out Runtime Data.
[[0;32m  OK  [0m] Started Initial cloud-init job (pre-networking).
[[0;32m  OK  [0m] Started Set console font and keymap.
[[0;32m  OK  [0m] Found device /dev/ttyS0.
[[0;32m  OK  [0m] Listening on Load/Save RF Kill Switch Status /dev/rfkill Watch.
[[0;32m  OK  [0m] Created slice system-getty.slice.
[[0;32m  OK  [0m] Reached target Network (Pre).
[[0;32m  OK  [0m] Reached target System Time Synchronized.
         Starting Update UTMP about System Boot/Shutdown...
[[0;32m  OK  [0m] Started Update UTMP about System Boot/Shutdown.
[[0;32m  OK  [0m] Started LSB: AppArmor initialization.
         Starting Raise network interfaces...
[[0;32m  OK  [0m] Started Raise network interfaces.
[[0;32m  OK  [0m] Reached target Network.
         Starting Initial cloud-init job (metadata service crawler)...
[   24.507216] cloud-init[944]: Cloud-init v. 0.7.9 running 'init' at Thu, 29 Jun 2017 10:46:34 +0000. Up 23.68 seconds.
[[0;32m  OK  [0m] Started Initial cloud-init job (metadata service crawler).
[   24.623276] cloud-init[944]: ci-info: +++++++++++++++++++++++++++++++++++++Net device info++++++++++++++++++++++++++++++++++++++
[   24.817124] cloud-init[944]: ci-info: +--------+------+----------------------------+---------------+-------+-------------------+
[   24.925040] cloud-init[944]: ci-info: | Device |  Up  |          Address           |      Mask     | Scope |     Hw-Address    |
[   25.028977] cloud-init[944]: ci-info: +--------+------+----------------------------+---------------+-------+-------------------+
[[0;32m  OK  [0m] Reached target Network is Online.
[   25.116678] cloud-init[944]: ci-info: | enp0s3 | True |         10.0.2.15          | 255.255.255.0 |   .   | 02:1f:cd:66:25:7a |
[   25.217919] cloud-init[944]: ci-info: | enp0s3 | True | fe80::1f:cdff:fe66:257a/64 |       .       |  link | 02:1f:cd:66:25:7a |
         Starting iSCSI initiator daemon (iscsid)...
[[0;32m  OK  [0m] Reached target System Initialization.
[   25.265565] cloud-init[944]: ci-info: |   lo   | True |         127.0.0.1          |   255.0.0.0   |   .   |         .         |
[   25.408791] cloud-init[944]: ci-info: |   lo   | True |          ::1/128           |       .       |  host |         .         |
[[0;32m  OK  [0m] Started ACPI Events Check.
[[0;32m  OK  [0m] Reached target Paths.
[[0;32m  OK  [0m] Started Daily apt activities.
[   25.449611] cloud-init[944]: ci-info: +--------+------+----------------------------+---------------+-------+-------------------+
[   25.616469] cloud-init[944]: ci-info: +++++++++++++++++++++++++++Route IPv4 info++++++++++++++++++++++++++++
[   25.720604] cloud-init[944]: ci-info: +-------+-------------+----------+---------------+-----------+-------+
[   25.825485] cloud-init[944]: ci-info: | Route | Destination | Gateway  |    Genmask    | Interface | Flags |
         Starting Socket activation for snappy daemon.
[[0;32m  OK  [0m] Listening on D-Bus System Message Bus Socket.
[   25.885517] [[0;32m  OK  [0m] Listening on ACPID Listen Socket.
[[0;32m  OK  [0m] Started Timer to automatically refresh installed snaps.
cloud-init[944]: ci-info: +-------+-------------+----------+---------------+-----------+-------+
[   26.112373] cloud-init[944]: ci-info: |   0   |   0.0.0.0   | 10.0.2.2 |    0.0.0.0    |   enp0s3  |   UG  |
         Starting LXD - unix socket.
[[0;32m  OK  [0m] Listening on UUID daemon activation socket.
[   26.191963] [[0;32m  OK  [0m] Started Daily Cleanup of Temporary Directories.
[[0;32m  OK  [0m] Reached target Timers.
[[0;32m  OK  [0m] Reached target Cloud-config availability.
cloud-init[944]: ci-info: |   1   |   10.0.2.0  | 0.0.0.0  | 255.255.255.0 |   enp0s3  |   U   |
[[0;32m  OK  [0m] Listening on Socket activation for snappy daemon.
[[0;32m  OK  [0m] Listening on LXD - unix socket.
[[0;32m  OK  [0m] Started iSCSI initiator daemon (iscsid).
[   26.395698] cloud-init[944]: ci-info: +-------+-------------+----------+---------------+-----------+-------+
[   26.583030] cloud-init[944]: Generating public/private rsa key pair.
[   26.636427] cloud-init[944]: Your identification has been saved in /etc/ssh/ssh_host_rsa_key.
[   26.712790] cloud-init[944]: Your public key has been saved in /etc/ssh/ssh_host_rsa_key.pub.
[   26.713145] cloud-init[944]: The key fingerprint is:
[   26.713186] cloud-init[944]: SHA256:WTScTGYBgMW88hAMQGaIQCKRC6w3whyqmCTfaXsSrYY root@ubuntu-xenial
[   26.713376] cloud-init[944]: The key's randomart image is:
[   26.713432] cloud-init[944]: +---[RSA 2048]----+
[   26.713465] cloud-init[944]: |&O.o =o..=Bo     |
[   26.713581] cloud-init[944]: |Xo  + o  ++.     |
[   26.713712] cloud-init[944]: |*..  . .  .      |
[   26.713744] cloud-init[944]: |*+o o .  o       |
[   26.713774] cloud-init[944]: |== o *  S        |
[   26.713802] cloud-init[944]: |+ . = o          |
[   26.713888] cloud-init[944]: |   o +           |
[   26.713921] cloud-init[944]: |  E = .          |
[   26.713961] cloud-init[944]: |   . o           |
[   26.714004] cloud-init[944]: +----[SHA256]-----+
[   26.714090] cloud-init[944]: Generating public/private dsa key pair.
[   26.714181] cloud-init[944]: Your identification has been saved in /etc/ssh/ssh_host_dsa_key.
[   26.714250] cloud-init[944]: Your public key has been saved in /etc/ssh/ssh_host_dsa_key.pub.
[   26.714290] cloud-init[944]: The key fingerprint is:
[   26.714332] cloud-init[944]: SHA256:DDf63z0bp+zxhOHLZ1MOjQlDJ+9F4XcFBYSbUvgQtOM root@ubuntu-xenial
[   26.714449] cloud-init[944]: The key's randomart image is:
[   26.714491] cloud-init[944]: +---[DSA 1024]----+
[   26.714570] cloud-init[944]: |         .oo o+=+|
[   26.714671] cloud-init[944]: |          o.= o o|
[   26.714711] cloud-init[944]: |      . o o= * oo|
[   26.714740] cloud-init[944]: |       = o..* . +|
[   26.714767] cloud-init[944]: |      . S E. +.= |
[   26.714794] cloud-init[944]: |       .     .=oo|
[   26.714821] cloud-init[944]: |        .     =o+|
[   26.714848] cloud-init[944]: |         . . +.X+|
[   26.714875] cloud-init[944]: |          . ..O=o|
[   26.714902] cloud-init[944]: +----[SHA256]-----+
[   26.714928] cloud-init[944]: Generating public/private ecdsa key pair.
[   26.714960] cloud-init[944]: Your identification has been saved in /etc/ssh/ssh_host_ecdsa_key.
[   26.714987] cloud-init[944]: Your public key has been saved in /etc/ssh/ssh_host_ecdsa_key.pub.
[   26.715015] cloud-init[944]: The key fingerprint is:
[   26.715041] cloud-init[944]: SHA256:C45trKgIod4lpBGyhLusA4gPQq1ik5amF0+NGwo3TGM root@ubuntu-xenial
[   26.715068] cloud-init[944]: The key's randomart image is:
[   26.715096] cloud-init[944]: +---[ECDSA 256]---+
[   26.715123] cloud-init[944]: |                 |
[   26.715150] cloud-init[944]: |.                |
[   26.715176] cloud-init[944]: |oo.              |
[   26.715203] cloud-init[944]: |o+E.             |
[   26.715249] cloud-init[944]: |B=+o o. S        |
[   26.715287] cloud-init[944]: |@@O +=.. .       |
[   26.715318] cloud-init[944]: |%B.B.+= .        |
[   26.715346] cloud-init[944]: |B =.=o           |
[   26.715372] cloud-init[944]: |+=...            |
[   26.715399] cloud-init[944]: +----[SHA256]-----+
[   26.715425] cloud-init[944]: Generating public/private ed25519 key pair.
[   26.715452] cloud-init[944]: Your identification has been saved in /etc/ssh/ssh_host_ed25519_key.
[   26.715479] cloud-init[944]: Your public key has been saved in /etc/ssh/ssh_host_ed25519_key.pub.
[   26.715506] cloud-init[944]: The key fingerprint is:
[   26.715532] cloud-init[944]: SHA256:/GgcJHOZbdDYxnj8nOMGwJaY1yt6Mh60psdg5q25zBs root@ubuntu-xenial
[   26.715559] cloud-init[944]: The key's randomart image is:
[   26.715586] cloud-init[944]: +--[ED25519 256]--+
[   26.715613] cloud-init[944]: |       +.X       |
[   26.715642] cloud-init[944]: |      o O=O      |
[   26.715668] cloud-init[944]: |      oo=+o+ .   |
[   26.715696] cloud-init[944]: |      .*..o =    |
[   26.715723] cloud-init[944]: |     . oS. o .   |
[   26.715752] cloud-init[944]: |    + B..+  o    |
[   26.715812] cloud-init[944]: |   +EB =+ ..     |
[   26.715853] cloud-init[944]: |   ooo=.         |
[   26.716034] cloud-init[944]: |    B=           |
[   26.716067] cloud-init         Starting Login to default iSCSI targets...
[[0;32m  OK  [0m] Reached target Sockets.
[[0;32m  OK  [0m] Reached target Basic System.
[[0;32m  OK  [0m] Started Unattended Upgrades Shutdown.
[944]: +----[SHA256]-----+
         Starting Apply the settings specified in cloud-config...
         Starting Login Service...
         Starting LSB: MD monitoring daemon...
[[0;32m  OK  [0m] Started ACPI event daemon.
         Starting LXD - container startup/shutdown...
         Starting LSB: Record successful boot for GRUB...
         Starting Pollinate to seed the pseudo random number generator...
[[0;32m  OK  [0m] Started FUSE filesystem for LXC.
         Starting /etc/rc.local Compatibility...
         Starting System Logging Service...
[[0;32m  OK  [0m] Started Regular background program processing daemon.
[[0;32m  OK  [0m] Started D-Bus System Message Bus.
         Starting Accounts Service...
[[0;32m  OK  [0m] Started Deferred execution scheduler.
[   29.366099] cloud-init[1044]: Generating locales (this might take a while)...
[[0;32m  OK  [0m] Started Snappy daemon.
         Starting Auto import assertions from block devices...
[[0;32m  OK  [0m] Started System Logging Service.
[[0;32m  OK  [0m] Started LXD - container startup/shutdown.
[[0;32m  OK  [0m] Started /etc/rc.local Compatibility.
[[0;32m  OK  [0m] Started Auto import assertions from block devices.
[[0;32m  OK  [0m] Started Login to default iSCSI targets.
[[0;32m  OK  [0m] Started LSB: MD monitoring daemon.
[[0;32m  OK  [0m] Started LSB: Record successful boot for GRUB.
[[0;32m  OK  [0m] Started Login Service.
         Starting Authenticate and Authorize Users to Run Privileged Tasks...
[[0;32m  OK  [0m] Reached target Remote File Systems (Pre).
[[0;32m  OK  [0m] Reached target Remote File Systems.
         Starting LSB: daemon to balance interrupts for SMP systems...
         Starting Permit User Sessions...
         Starting LSB: VirtualBox Linux Additions...
         Starting LSB: Set the CPU Frequency Scaling governor to "ondemand"...
         Starting LSB: automatic crash report generation...
[[0;32m  OK  [0m] Started Permit User Sessions.
[[0;32m  OK  [0m] Started Authenticate and Authorize Users to Run Privileged Tasks.
[[0;32m  OK  [0m] Started Accounts Service.
         Starting Terminate Plymouth Boot Screen...
         Starting Hold until boot process finishes up...
[[0;32m  OK  [0m] Started LSB: daemon to balance interrupts for SMP systems.
[[0;32m  OK  [0m] Started LSB: VirtualBox Linux Additions.
[[0;32m  OK  [0m] Started LSB: Set the CPU Frequency Scaling governor to "ondemand".
[[0;32m  OK  [0m] Started LSB: automatic crash report generation.
[[0;32m  OK  [0m] Started Terminate Plymouth Boot Screen.
[[0;32m  OK  [0m] Started Hold until boot process finishes up.
[[0;32m  OK  [0m] Started Serial Getty on ttyS0.
[[0;32m  OK  [0m] Started Getty on tty1.
[[0;32m  OK  [0m] Reached target Login Prompts.
         Starting Set console scheme...
[[0;32m  OK  [0m] Started Set console scheme.
[[0;32m  OK  [0m] Started Pollinate to seed the pseudo random number generator.
[   30.880756] cloud-init[1044]:   en_US.UTF-8... done
[   30.894912] cloud-init[1044]: Generation complete.
         Starting OpenBSD Secure Shell server...
[[0;32m  OK  [0m] Started OpenBSD Secure Shell server.
[[0;32m  OK  [0m] Reached target Multi-User System.
[[0;32m  OK  [0m] Reached target Graphical Interface.
         Starting Update UTMP about System Runlevel Changes...
[[0;32m  OK  [0m] Started Update UTMP about System Runlevel Changes.
         Stopping OpenBSD Secure Shell server...
[[0;32m  OK  [0m] Stopped OpenBSD Secure Shell server.
         Starting OpenBSD Secure Shell server...
[[0;32m  OK  [0m] Started OpenBSD Secure Shell server.
[[0;32m  OK  [0m] Created slice User Slice of ubuntu.
         Starting User Manager for UID 1000...
[[0;32m  OK  [0m] Started User Manager for UID 1000.
[[0;32m  OK  [0m] Started Session 1 of user ubuntu.
[   31.611977] cloud-init[1044]: Cloud-init v. 0.7.9 running 'modules:config' at Thu, 29 Jun 2017 10:46:39 +0000. Up 29.10 seconds.
[[0;32m  OK  [0m] Started Apply the settings specified in cloud-config.
         Starting Execute cloud user/final scripts...
ci-info: no authorized ssh keys fingerprints found for user ubuntu.
<14>Jun 29 10:46:42 ec2: 
<14>Jun 29 10:46:42 ec2: #############################################################
<14>Jun 29 10:46:42 ec2: -----BEGIN SSH HOST KEY FINGERPRINTS-----
<14>Jun 29 10:46:42 ec2: 1024 SHA256:DDf63z0bp+zxhOHLZ1MOjQlDJ+9F4XcFBYSbUvgQtOM root@ubuntu-xenial (DSA)
<14>Jun 29 10:46:42 ec2: 256 SHA256:C45trKgIod4lpBGyhLusA4gPQq1ik5amF0+NGwo3TGM root@ubuntu-xenial (ECDSA)
<14>Jun 29 10:46:42 ec2: 256 SHA256:/GgcJHOZbdDYxnj8nOMGwJaY1yt6Mh60psdg5q25zBs root@ubuntu-xenial (ED25519)
<14>Jun 29 10:46:42 ec2: 2048 SHA256:WTScTGYBgMW88hAMQGaIQCKRC6w3whyqmCTfaXsSrYY root@ubuntu-xenial (RSA)
<14>Jun 29 10:46:42 ec2: -----END SSH HOST KEY FINGERPRINTS-----
<14>Jun 29 10:46:42 ec2: #############################################################
-----BEGIN SSH HOST KEY KEYS-----
ecdsa-sha2-nistp256 AAAAE2VjZHNhLXNoYTItbmlzdHAyNTYAAAAIbmlzdHAyNTYAAABBBFm+p5+B+ZCVi1N4OdAClaxo9+f0NhMMzHTTGZ3gWjBVEAdjk9kCrzmDX7qMzgeuNTWFU2Axl0iFd2P4iaGjb7A= root@ubuntu-xenial
ssh-ed25519 AAAAC3NzaC1lZDI1NTE5AAAAIExdOhukpPICKMuQNPLjbyFrC5dnG3PLRrF2McfUliVw root@ubuntu-xenial
ssh-rsa AAAAB3NzaC1yc2EAAAADAQABAAABAQDyBU+5DGzU1YBinlMU9jpfGvgnPlRyUQzJssLUMiFCq2VrtFJaDlhfYTzBnIbjR1rvj6M4Af8rmZeH426QbaoyJPoUO7uU/a5u3B/dIFiYOkvNWNeWxPFs//+qQLDkTUBILbn8VHHjzyH6aGX0zov2Xj2ww8L9kQdXABQVVcA+cQriQJDLMU5l67Gie8akbbsGdB/7Z0GBPozltY85aWNcMRbfOKTxQ8KFDQuo2LF8r5UKyV3inAjffren0cAOf3gQt5h+WTdetUImXLMsC7lR4Z6Ji3iAboz2L0g7o6IYHm1STVBzi+oefAylKyghyBcLJhCkHLbETLNyXazjCsNL root@ubuntu-xenial
-----END SSH HOST KEY KEYS-----
[   32.882309] cloud-init[1381]: Cloud-init v. 0.7.9 running 'modules:final' at Thu, 29 Jun 2017 10:46:42 +0000. Up 32.20 seconds.
[   32.896304] cloud-init[1381]: ci-info: no authorized ssh keys fingerprints found for user ubuntu.
[   32.939844] cloud-init[1381]: Cloud-init v. 0.7.9 finished at Thu, 29 Jun 2017 10:46:43 +0000. Datasource DataSourceNoCloud [seed=/dev/sdb][dsmode=net].  Up 32.87 seconds
[[0;32m  OK  [0m] Started Execute cloud user/final scripts.
[[0;32m  OK  [0m] Reached target Cloud-init target.

Ubuntu 16.04.2 LTS ubuntu-xenial ttyS0

ubuntu-xenial login: 